<?xml version="1.0" encoding="UTF-8"?>
<!-- Generated by org.testng.reporters.JUnitReportReporter -->
<testsuite hostname="EPBYGOMW0497" name="android.tablets.tests.SandBoxTest" tests="1" failures="0" timestamp="17 May 2016 11:18:41 GMT" time="4.325" errors="0">
  <testcase name="skipIntro" time="4.325" classname="android.tablets.tests.SandBoxTest"/>
</testsuite> <!-- android.tablets.tests.SandBoxTest -->
