<?xml version="1.0" encoding="UTF-8"?>
<!-- Generated by org.testng.reporters.JUnitReportReporter -->
<testsuite hostname="EPBYGOMW0497" name="Test" tests="1" failures="0" timestamp="13 May 2016 09:01:00 GMT" time="0.006" errors="0">
  <testcase name="runTest" time="0.006" classname="Test"/>
</testsuite> <!-- Test -->
