<?xml version="1.0" encoding="UTF-8"?>
<!-- Generated by org.testng.reporters.JUnitReportReporter -->
<testsuite hostname="EPBYGOMW0497" name="android.tablets.tests.SandBoxTest" tests="1" failures="0" timestamp="13 May 2016 10:04:11 GMT" time="4.557" errors="0">
  <testcase name="skipIntro" time="4.557" classname="android.tablets.tests.SandBoxTest"/>
</testsuite> <!-- android.tablets.tests.SandBoxTest -->
